<?xml version="1.0" encoding="UTF-8"?>
<testng-results ignored="0" total="1" passed="1" failed="0" skipped="0">
  <reporter-output>
  </reporter-output>
  <suite started-at="2023-03-26T22:12:58 SAST" name="Default suite" finished-at="2023-03-26T22:13:16 SAST" duration-ms="17335">
    <groups>
    </groups>
    <test started-at="2023-03-26T22:12:58 SAST" name="Default test" finished-at="2023-03-26T22:13:16 SAST" duration-ms="17335">
      <class name="tests.AutomationPractice">
        <test-method signature="assessment()[pri:0, instance:tests.AutomationPractice@71238fc2]" started-at="2023-03-26T22:12:58 SAST" name="assessment" finished-at="2023-03-26T22:13:15 SAST" duration-ms="17048" status="PASS">
          <reporter-output>
          </reporter-output>
        </test-method> <!-- assessment -->
        <test-method is-config="true" signature="teardown()[pri:0, instance:tests.AutomationPractice@71238fc2]" started-at="2023-03-26T22:13:15 SAST" name="teardown" finished-at="2023-03-26T22:13:16 SAST" duration-ms="243" status="PASS">
          <reporter-output>
          </reporter-output>
        </test-method> <!-- teardown -->
      </class> <!-- tests.AutomationPractice -->
    </test> <!-- Default test -->
  </suite> <!-- Default suite -->
</testng-results>
